<?xml version="1.0" encoding="UTF-8"?>
<!-- Generated by org.testng.reporters.JUnitReportReporter -->
<testsuite name="com.qainfotech.tap.training.snl.api.BoardTest" tests="1" time="0.018" ignored="9" failures="0" timestamp="03 Jul 2017 07:32:23 GMT" skipped="0" hostname="ASDP1760PO02529" errors="0">
  <testcase name="testFileNotFoundException" time="0.018" classname="com.qainfotech.tap.training.snl.api.BoardTest"/>
  <testcase name="isPlayerRemoved" classname="com.qainfotech.tap.training.snl.api.BoardTest">
    <skipped/>
  </testcase> <!-- isPlayerRemoved -->
  <testcase name="IsPlayerClimbLadder" classname="com.qainfotech.tap.training.snl.api.BoardTest">
    <skipped/>
  </testcase> <!-- IsPlayerClimbLadder -->
  <testcase name="MAXNumberOfExistingPlayers" classname="com.qainfotech.tap.training.snl.api.BoardTest">
    <skipped/>
  </testcase> <!-- MAXNumberOfExistingPlayers -->
  <testcase name="testSnakeAtBegining" classname="com.qainfotech.tap.training.snl.api.BoardTest">
    <skipped/>
  </testcase> <!-- testSnakeAtBegining -->
  <testcase name="testValidTurn" classname="com.qainfotech.tap.training.snl.api.BoardTest">
    <skipped/>
  </testcase> <!-- testValidTurn -->
  <testcase name="testSnakeBite" classname="com.qainfotech.tap.training.snl.api.BoardTest">
    <skipped/>
  </testcase> <!-- testSnakeBite -->
  <testcase name="testLadderOrSnakeAtFinish" classname="com.qainfotech.tap.training.snl.api.BoardTest">
    <skipped/>
  </testcase> <!-- testLadderOrSnakeAtFinish -->
  <testcase name="IsAnyPlayersHasSameName" classname="com.qainfotech.tap.training.snl.api.BoardTest">
    <skipped/>
  </testcase> <!-- IsAnyPlayersHasSameName -->
  <testcase name="testBoardInitialized" classname="com.qainfotech.tap.training.snl.api.BoardTest">
    <skipped/>
  </testcase> <!-- testBoardInitialized -->
</testsuite> <!-- com.qainfotech.tap.training.snl.api.BoardTest -->
