<?xml version="1.0" encoding="UTF-8"?>
<!-- Generated by org.testng.reporters.JUnitReportReporter -->
<testsuite name="com.qainfotech.tap.training.snl.api.BoardTest" tests="1" time="0.053" ignored="4" failures="0" timestamp="30 Jun 2017 10:19:19 GMT" skipped="0" hostname="ASDP1760PO02529" errors="0">
  <testcase name="IsPlayerClimbLadder" time="0.053" classname="com.qainfotech.tap.training.snl.api.BoardTest"/>
  <testcase name="isPlayerRemoved" classname="com.qainfotech.tap.training.snl.api.BoardTest">
    <skipped/>
  </testcase> <!-- isPlayerRemoved -->
  <testcase name="MAXNumberOfExistingPlayers" classname="com.qainfotech.tap.training.snl.api.BoardTest">
    <skipped/>
  </testcase> <!-- MAXNumberOfExistingPlayers -->
  <testcase name="IsAnyPlayersHasSameName" classname="com.qainfotech.tap.training.snl.api.BoardTest">
    <skipped/>
  </testcase> <!-- IsAnyPlayersHasSameName -->
  <testcase name="test1" classname="com.qainfotech.tap.training.snl.api.BoardTest">
    <skipped/>
  </testcase> <!-- test1 -->
</testsuite> <!-- com.qainfotech.tap.training.snl.api.BoardTest -->
