<?xml version="1.0" encoding="UTF-8"?>
<!-- Generated by org.testng.reporters.JUnitReportReporter -->
<testsuite name="com.qainfotech.tap.training.snl.api.BoardTest" tests="1" time="0.055" ignored="2" failures="0" timestamp="29 Jun 2017 13:14:35 GMT" skipped="0" hostname="ASDP1760PO02529" errors="0">
  <testcase name="isPlayerRemoved" time="0.055" classname="com.qainfotech.tap.training.snl.api.BoardTest"/>
  <testcase name="MAXNumberOfExistingPlayers" classname="com.qainfotech.tap.training.snl.api.BoardTest">
    <skipped/>
  </testcase> <!-- MAXNumberOfExistingPlayers -->
  <testcase name="IsAnyPlayersHasSameName" classname="com.qainfotech.tap.training.snl.api.BoardTest">
    <skipped/>
  </testcase> <!-- IsAnyPlayersHasSameName -->
</testsuite> <!-- com.qainfotech.tap.training.snl.api.BoardTest -->
